<?xml version="1.0" encoding="UTF-8"?>
<coverage generated="1511852681323" clover="3.2.0">
  <project timestamp="1511852681323" name="All files">
    <metrics statements="10" coveredstatements="9" conditionals="4" coveredconditionals="4" methods="7" coveredmethods="4" elements="21" coveredelements="17" complexity="0" loc="10" ncloc="10" packages="2" files="3" classes="3">
      <package name="react-testing-demo">
        <metrics statements="4" coveredstatements="3" conditionals="2" coveredconditionals="2" methods="3" coveredmethods="0"/>
        <file name="test-setup.js" path="/home/priya/project/react-testing-demo/test-setup.js">
          <metrics statements="4" coveredstatements="3" conditionals="2" coveredconditionals="2" methods="3" coveredmethods="0"/>
          <line num="4" count="2" type="stmt"/>
          <line num="6" count="2" type="cond" truecount="2" falsecount="0"/>
          <line num="7" count="0" type="stmt"/>
          <line num="14" count="2" type="stmt"/>
        </file>
      </package>
      <package name="react-testing-demo.src">
        <metrics statements="6" coveredstatements="6" conditionals="2" coveredconditionals="2" methods="4" coveredmethods="4"/>
        <file name="Link.react.js" path="/home/priya/project/react-testing-demo/src/Link.react.js">
          <metrics statements="1" coveredstatements="1" conditionals="0" coveredconditionals="0" methods="1" coveredmethods="1"/>
          <line num="5" count="4" type="stmt"/>
        </file>
        <file name="checkbox.js" path="/home/priya/project/react-testing-demo/src/checkbox.js">
          <metrics statements="5" coveredstatements="5" conditionals="2" coveredconditionals="2" methods="3" coveredmethods="3"/>
          <line num="5" count="2" type="stmt"/>
          <line num="6" count="2" type="stmt"/>
          <line num="8" count="2" type="stmt"/>
          <line num="12" count="1" type="stmt"/>
          <line num="16" count="3" type="stmt"/>
        </file>
      </package>
    </metrics>
  </project>
</coverage>
